[36m--[0m Using CATKIN_DEVEL_PREFIX: /home/lab3/IGVC/catkin_ws/devel/.private/igvc
[36m--[0m Using CMAKE_PREFIX_PATH: /home/lab3/IGVC/catkin_ws/devel;/home/lab3/catkin_ws/devel;/opt/ros/noetic
[36m--[0m This workspace overlays: /home/lab3/IGVC/catkin_ws/devel;/home/lab3/catkin_ws/devel;/opt/ros/noetic
[36m--[0m Found PythonInterp: /usr/bin/python3 (found suitable version "3.8.10", minimum required is "3")
[36m--[0m Using PYTHON_EXECUTABLE: /usr/bin/python3
[36m--[0m Using Debian Python package layout
[36m--[0m Using empy: /usr/lib/python3/dist-packages/em.py
[36m--[0m Using CATKIN_ENABLE_TESTING: ON
[36m--[0m Call enable_testing()
[36m--[0m Using CATKIN_TEST_RESULTS_DIR: /home/lab3/IGVC/catkin_ws/build/igvc/test_results
[36m--[0m Forcing gtest/gmock from source, though one was otherwise available.
[36m--[0m Found gtest sources under '/usr/src/googletest': gtests will be built
[36m--[0m Found gmock sources under '/usr/src/googletest': gmock will be built
[36m--[0m Found PythonInterp: /usr/bin/python3 (found version "3.8.10")
[36m--[0m Using Python nosetests: /usr/bin/nosetests3
[36m--[0m catkin 0.8.10
[36m--[0m BUILD_SHARED_LIBS is on
[36m--[0m Installing devel-space wrapper /home/lab3/IGVC/catkin_ws/src/igvc/scripts/arrowkey.py to /home/lab3/IGVC/catkin_ws/devel/.private/igvc/lib/igvc
[36m--[0m Installing devel-space wrapper /home/lab3/IGVC/catkin_ws/src/igvc/scripts/movement.py to /home/lab3/IGVC/catkin_ws/devel/.private/igvc/lib/igvc
[36m--[0m Installing devel-space wrapper /home/lab3/IGVC/catkin_ws/src/igvc/scripts/broadcaster.py to /home/lab3/IGVC/catkin_ws/devel/.private/igvc/lib/igvc
[36m--[0m Installing devel-space wrapper /home/lab3/IGVC/catkin_ws/src/igvc/scripts/moveBase.py to /home/lab3/IGVC/catkin_ws/devel/.private/igvc/lib/igvc
[36m--[0m Installing devel-space wrapper /home/lab3/IGVC/catkin_ws/src/igvc/scripts/image_lane_detection.py to /home/lab3/IGVC/catkin_ws/devel/.private/igvc/lib/igvc
[36m--[0m Installing devel-space wrapper /home/lab3/IGVC/catkin_ws/src/igvc/scripts/lane_detection.py to /home/lab3/IGVC/catkin_ws/devel/.private/igvc/lib/igvc
[36m--[0m Installing devel-space wrapper /home/lab3/IGVC/catkin_ws/src/igvc/scripts/lane_detection/center_line_detection.py to /home/lab3/IGVC/catkin_ws/devel/.private/igvc/lib/igvc
[36m--[0m Installing devel-space wrapper /home/lab3/IGVC/catkin_ws/src/igvc/scripts/lane_detection/control_module.py to /home/lab3/IGVC/catkin_ws/devel/.private/igvc/lib/igvc
[36m--[0m Installing devel-space wrapper /home/lab3/IGVC/catkin_ws/src/igvc/scripts/lane_detection/lane_detection_module.py to /home/lab3/IGVC/catkin_ws/devel/.private/igvc/lib/igvc
[36m--[0m Installing devel-space wrapper /home/lab3/IGVC/catkin_ws/src/igvc/scripts/lane_detection/outer_lane_detection.py to /home/lab3/IGVC/catkin_ws/devel/.private/igvc/lib/igvc
[36m--[0m Installing devel-space wrapper /home/lab3/IGVC/catkin_ws/src/igvc/scripts/cv_bridge_tutorial.py to /home/lab3/IGVC/catkin_ws/devel/.private/igvc/lib/igvc
[36m--[0m Configuring done
[36m--[0m Generating done
[36m--[0m Build files have been written to: /home/lab3/IGVC/catkin_ws/build/igvc
