The system is: Darwin - 23.4.0 - arm64
Compiling the C compiler identification source file "CMakeCCompilerId.c" succeeded.
Compiler: /opt/miniconda3/envs/ROS/bin/arm64-apple-darwin20.0.0-clang 
Build flags: -ftree-vectorize;-fPIC;-fPIE;-fstack-protector-strong;-O2;-pipe;-isystem;/opt/miniconda3/envs/ROS/include
Id flags:  

The output was:
0


Compilation of the C compiler identification source "CMakeCCompilerId.c" produced "a.out"

The C compiler identification is Clang, found in "/Users/zu/catkin_ws/build/CMakeFiles/3.25.1/CompilerIdC/a.out"

Compiling the CXX compiler identification source file "CMakeCXXCompilerId.cpp" succeeded.
Compiler: /opt/miniconda3/envs/ROS/bin/arm64-apple-darwin20.0.0-clang++ 
Build flags: -ftree-vectorize;-fPIC;-fPIE;-fstack-protector-strong;-O2;-pipe;-stdlib=libc++;-fvisibility-inlines-hidden;-fmessage-length=0;-isystem;/opt/miniconda3/envs/ROS/include
Id flags:  

The output was:
0


Compilation of the CXX compiler identification source "CMakeCXXCompilerId.cpp" produced "a.out"

The CXX compiler identification is Clang, found in "/Users/zu/catkin_ws/build/CMakeFiles/3.25.1/CompilerIdCXX/a.out"

Detecting C compiler ABI info compiled with the following output:
Change Dir: /Users/zu/catkin_ws/build/CMakeFiles/CMakeScratch/TryCompile-wVxNRc

Run Build Command(s):/opt/miniconda3/envs/ROS/bin/make -f Makefile cmTC_db8d6/fast && /opt/miniconda3/envs/ROS/bin/make  -f CMakeFiles/cmTC_db8d6.dir/build.make CMakeFiles/cmTC_db8d6.dir/build
make[1]: Entering directory '/Users/zu/catkin_ws/build/CMakeFiles/CMakeScratch/TryCompile-wVxNRc'
Building C object CMakeFiles/cmTC_db8d6.dir/CMakeCCompilerABI.c.o
/opt/miniconda3/envs/ROS/bin/arm64-apple-darwin20.0.0-clang   -ftree-vectorize -fPIC -fPIE -fstack-protector-strong -O2 -pipe -isystem /opt/miniconda3/envs/ROS/include  -arch arm64 -isysroot /Library/Developer/CommandLineTools/SDKs/MacOSX.sdk   -v -Wl,-v -MD -MT CMakeFiles/cmTC_db8d6.dir/CMakeCCompilerABI.c.o -MF CMakeFiles/cmTC_db8d6.dir/CMakeCCompilerABI.c.o.d -o CMakeFiles/cmTC_db8d6.dir/CMakeCCompilerABI.c.o -c /opt/miniconda3/envs/ROS/share/cmake-3.25/Modules/CMakeCCompilerABI.c
clang version 14.0.6
Target: arm64-apple-darwin20.0.0
Thread model: posix
InstalledDir: /opt/miniconda3/envs/ROS/bin
clang-14: warning: -Wl,-v: 'linker' input unused [-Wunused-command-line-argument]
 (in-process)
 "/opt/miniconda3/envs/ROS/bin/clang-14" -cc1 -triple arm64-apple-macosx14.0.0 -Wundef-prefix=TARGET_OS_ -Werror=undef-prefix -Wdeprecated-objc-isa-usage -Werror=deprecated-objc-isa-usage -emit-obj --mrelax-relocations -disable-free -clear-ast-before-backend -disable-llvm-verifier -discard-value-names -main-file-name CMakeCCompilerABI.c -mrelocation-model pic -pic-level 2 -mframe-pointer=non-leaf -ffp-contract=on -fno-rounding-math -funwind-tables=2 -target-sdk-version=14.4 -fcompatibility-qualified-id-block-type-checking -fvisibility-inlines-hidden-static-local-var -target-cpu apple-m1 -target-feature +v8.5a -target-feature +fp-armv8 -target-feature +neon -target-feature +crc -target-feature +crypto -target-feature +dotprod -target-feature +fp16fml -target-feature +ras -target-feature +lse -target-feature +rdm -target-feature +rcpc -target-feature +zcm -target-feature +zcz -target-feature +fullfp16 -target-feature +sha2 -target-feature +aes -target-abi darwinpcs -fallow-half-arguments-and-returns -mllvm -treat-scalable-fixed-error-as-warning -debugger-tuning=lldb -target-linker-version 609 -v -fcoverage-compilation-dir=/Users/zu/catkin_ws/build/CMakeFiles/CMakeScratch/TryCompile-wVxNRc -resource-dir /opt/miniconda3/envs/ROS/lib/clang/14.0.6 -dependency-file CMakeFiles/cmTC_db8d6.dir/CMakeCCompilerABI.c.o.d -MT CMakeFiles/cmTC_db8d6.dir/CMakeCCompilerABI.c.o -sys-header-deps -isystem /opt/miniconda3/envs/ROS/include -isysroot /Library/Developer/CommandLineTools/SDKs/MacOSX.sdk -internal-isystem /Library/Developer/CommandLineTools/SDKs/MacOSX.sdk/usr/local/include -internal-isystem /opt/miniconda3/envs/ROS/lib/clang/14.0.6/include -internal-externc-isystem /Library/Developer/CommandLineTools/SDKs/MacOSX.sdk/usr/include -O2 -fdebug-compilation-dir=/Users/zu/catkin_ws/build/CMakeFiles/CMakeScratch/TryCompile-wVxNRc -ferror-limit 19 -stack-protector 2 -fblocks -fencode-extended-block-signature -fregister-global-dtors-with-atexit -fgnuc-version=4.2.1 -fmax-type-align=16 -vectorize-loops -vectorize-slp -D__GCC_HAVE_DWARF2_CFI_ASM=1 -o CMakeFiles/cmTC_db8d6.dir/CMakeCCompilerABI.c.o -x c /opt/miniconda3/envs/ROS/share/cmake-3.25/Modules/CMakeCCompilerABI.c
clang -cc1 version 14.0.6 based upon LLVM 14.0.6 default target arm64-apple-darwin23.4.0
ignoring nonexistent directory "/Library/Developer/CommandLineTools/SDKs/MacOSX.sdk/usr/local/include"
ignoring nonexistent directory "/Library/Developer/CommandLineTools/SDKs/MacOSX.sdk/Library/Frameworks"
#include "..." search starts here:
#include <...> search starts here:
 /opt/miniconda3/envs/ROS/include
 /opt/miniconda3/envs/ROS/lib/clang/14.0.6/include
 /Library/Developer/CommandLineTools/SDKs/MacOSX.sdk/usr/include
 /Library/Developer/CommandLineTools/SDKs/MacOSX.sdk/System/Library/Frameworks (framework directory)
End of search list.
Linking C executable cmTC_db8d6
/opt/miniconda3/envs/ROS/bin/cmake -E cmake_link_script CMakeFiles/cmTC_db8d6.dir/link.txt --verbose=1
/opt/miniconda3/envs/ROS/bin/arm64-apple-darwin20.0.0-clang -ftree-vectorize -fPIC -fPIE -fstack-protector-strong -O2 -pipe -isystem /opt/miniconda3/envs/ROS/include  -arch arm64 -isysroot /Library/Developer/CommandLineTools/SDKs/MacOSX.sdk -Wl,-search_paths_first -Wl,-headerpad_max_install_names -Wl,-pie -Wl,-headerpad_max_install_names -Wl,-dead_strip_dylibs -Wl,-rpath,/opt/miniconda3/envs/ROS/lib -L/opt/miniconda3/envs/ROS/lib -v -Wl,-v CMakeFiles/cmTC_db8d6.dir/CMakeCCompilerABI.c.o -o cmTC_db8d6 
clang version 14.0.6
Target: arm64-apple-darwin20.0.0
Thread model: posix
InstalledDir: /opt/miniconda3/envs/ROS/bin
 "/opt/miniconda3/envs/ROS/bin/arm64-apple-darwin20.0.0-ld" -demangle -lto_library /opt/miniconda3/envs/ROS/lib/libLTO.14.dylib -dynamic -arch arm64 -platform_version macos 14.0.0 14.4 -pie -syslibroot /Library/Developer/CommandLineTools/SDKs/MacOSX.sdk -o cmTC_db8d6 -L/opt/miniconda3/envs/ROS/lib -search_paths_first -headerpad_max_install_names -pie -headerpad_max_install_names -dead_strip_dylibs -rpath /opt/miniconda3/envs/ROS/lib -v CMakeFiles/cmTC_db8d6.dir/CMakeCCompilerABI.c.o -lSystem /opt/miniconda3/envs/ROS/lib/clang/14.0.6/lib/darwin/libclang_rt.osx.a
@(#)PROGRAM:ld  PROJECT:ld64-609
BUILD 17:39:38 Mar 22 2023
configured to support archs: armv6 armv7 armv7s arm64 arm64e arm64_32 i386 x86_64 x86_64h armv6m armv7k armv7m armv7em (tvOS)
Library search paths:
	/opt/miniconda3/envs/ROS/lib
	/Library/Developer/CommandLineTools/SDKs/MacOSX.sdk/usr/lib
Framework search paths:
	/Library/Developer/CommandLineTools/SDKs/MacOSX.sdk/System/Library/Frameworks/
make[1]: Leaving directory '/Users/zu/catkin_ws/build/CMakeFiles/CMakeScratch/TryCompile-wVxNRc'



Parsed C implicit include dir info from above output: rv=done
  found start of include info
  found start of implicit include info
    add: [/opt/miniconda3/envs/ROS/include]
    add: [/opt/miniconda3/envs/ROS/lib/clang/14.0.6/include]
    add: [/Library/Developer/CommandLineTools/SDKs/MacOSX.sdk/usr/include]
  end of search list found
  collapse include dir [/opt/miniconda3/envs/ROS/include] ==> [/opt/miniconda3/envs/ROS/include]
  collapse include dir [/opt/miniconda3/envs/ROS/lib/clang/14.0.6/include] ==> [/opt/miniconda3/envs/ROS/lib/clang/14.0.6/include]
  collapse include dir [/Library/Developer/CommandLineTools/SDKs/MacOSX.sdk/usr/include] ==> [/Library/Developer/CommandLineTools/SDKs/MacOSX.sdk/usr/include]
  implicit include dirs: [/opt/miniconda3/envs/ROS/include;/opt/miniconda3/envs/ROS/lib/clang/14.0.6/include;/Library/Developer/CommandLineTools/SDKs/MacOSX.sdk/usr/include]


Parsed C implicit link information from above output:
  link line regex: [^( *|.*[/\])(arm64-apple-darwin20\.0\.0-ld|CMAKE_LINK_STARTFILE-NOTFOUND|([^/\]+-)?ld|collect2)[^/\]*( |$)]
  ignore line: [Change Dir: /Users/zu/catkin_ws/build/CMakeFiles/CMakeScratch/TryCompile-wVxNRc]
  ignore line: []
  ignore line: [Run Build Command(s):/opt/miniconda3/envs/ROS/bin/make -f Makefile cmTC_db8d6/fast && /opt/miniconda3/envs/ROS/bin/make  -f CMakeFiles/cmTC_db8d6.dir/build.make CMakeFiles/cmTC_db8d6.dir/build]
  ignore line: [make[1]: Entering directory '/Users/zu/catkin_ws/build/CMakeFiles/CMakeScratch/TryCompile-wVxNRc']
  ignore line: [Building C object CMakeFiles/cmTC_db8d6.dir/CMakeCCompilerABI.c.o]
  ignore line: [/opt/miniconda3/envs/ROS/bin/arm64-apple-darwin20.0.0-clang   -ftree-vectorize -fPIC -fPIE -fstack-protector-strong -O2 -pipe -isystem /opt/miniconda3/envs/ROS/include  -arch arm64 -isysroot /Library/Developer/CommandLineTools/SDKs/MacOSX.sdk   -v -Wl -v -MD -MT CMakeFiles/cmTC_db8d6.dir/CMakeCCompilerABI.c.o -MF CMakeFiles/cmTC_db8d6.dir/CMakeCCompilerABI.c.o.d -o CMakeFiles/cmTC_db8d6.dir/CMakeCCompilerABI.c.o -c /opt/miniconda3/envs/ROS/share/cmake-3.25/Modules/CMakeCCompilerABI.c]
  ignore line: [clang version 14.0.6]
  ignore line: [Target: arm64-apple-darwin20.0.0]
  ignore line: [Thread model: posix]
  ignore line: [InstalledDir: /opt/miniconda3/envs/ROS/bin]
  ignore line: [clang-14: warning: -Wl -v: 'linker' input unused [-Wunused-command-line-argument]]
  ignore line: [ (in-process)]
  ignore line: [ "/opt/miniconda3/envs/ROS/bin/clang-14" -cc1 -triple arm64-apple-macosx14.0.0 -Wundef-prefix=TARGET_OS_ -Werror=undef-prefix -Wdeprecated-objc-isa-usage -Werror=deprecated-objc-isa-usage -emit-obj --mrelax-relocations -disable-free -clear-ast-before-backend -disable-llvm-verifier -discard-value-names -main-file-name CMakeCCompilerABI.c -mrelocation-model pic -pic-level 2 -mframe-pointer=non-leaf -ffp-contract=on -fno-rounding-math -funwind-tables=2 -target-sdk-version=14.4 -fcompatibility-qualified-id-block-type-checking -fvisibility-inlines-hidden-static-local-var -target-cpu apple-m1 -target-feature +v8.5a -target-feature +fp-armv8 -target-feature +neon -target-feature +crc -target-feature +crypto -target-feature +dotprod -target-feature +fp16fml -target-feature +ras -target-feature +lse -target-feature +rdm -target-feature +rcpc -target-feature +zcm -target-feature +zcz -target-feature +fullfp16 -target-feature +sha2 -target-feature +aes -target-abi darwinpcs -fallow-half-arguments-and-returns -mllvm -treat-scalable-fixed-error-as-warning -debugger-tuning=lldb -target-linker-version 609 -v -fcoverage-compilation-dir=/Users/zu/catkin_ws/build/CMakeFiles/CMakeScratch/TryCompile-wVxNRc -resource-dir /opt/miniconda3/envs/ROS/lib/clang/14.0.6 -dependency-file CMakeFiles/cmTC_db8d6.dir/CMakeCCompilerABI.c.o.d -MT CMakeFiles/cmTC_db8d6.dir/CMakeCCompilerABI.c.o -sys-header-deps -isystem /opt/miniconda3/envs/ROS/include -isysroot /Library/Developer/CommandLineTools/SDKs/MacOSX.sdk -internal-isystem /Library/Developer/CommandLineTools/SDKs/MacOSX.sdk/usr/local/include -internal-isystem /opt/miniconda3/envs/ROS/lib/clang/14.0.6/include -internal-externc-isystem /Library/Developer/CommandLineTools/SDKs/MacOSX.sdk/usr/include -O2 -fdebug-compilation-dir=/Users/zu/catkin_ws/build/CMakeFiles/CMakeScratch/TryCompile-wVxNRc -ferror-limit 19 -stack-protector 2 -fblocks -fencode-extended-block-signature -fregister-global-dtors-with-atexit -fgnuc-version=4.2.1 -fmax-type-align=16 -vectorize-loops -vectorize-slp -D__GCC_HAVE_DWARF2_CFI_ASM=1 -o CMakeFiles/cmTC_db8d6.dir/CMakeCCompilerABI.c.o -x c /opt/miniconda3/envs/ROS/share/cmake-3.25/Modules/CMakeCCompilerABI.c]
  ignore line: [clang -cc1 version 14.0.6 based upon LLVM 14.0.6 default target arm64-apple-darwin23.4.0]
  ignore line: [ignoring nonexistent directory "/Library/Developer/CommandLineTools/SDKs/MacOSX.sdk/usr/local/include"]
  ignore line: [ignoring nonexistent directory "/Library/Developer/CommandLineTools/SDKs/MacOSX.sdk/Library/Frameworks"]
  ignore line: [#include "..." search starts here:]
  ignore line: [#include <...> search starts here:]
  ignore line: [ /opt/miniconda3/envs/ROS/include]
  ignore line: [ /opt/miniconda3/envs/ROS/lib/clang/14.0.6/include]
  ignore line: [ /Library/Developer/CommandLineTools/SDKs/MacOSX.sdk/usr/include]
  ignore line: [ /Library/Developer/CommandLineTools/SDKs/MacOSX.sdk/System/Library/Frameworks (framework directory)]
  ignore line: [End of search list.]
  ignore line: [Linking C executable cmTC_db8d6]
  ignore line: [/opt/miniconda3/envs/ROS/bin/cmake -E cmake_link_script CMakeFiles/cmTC_db8d6.dir/link.txt --verbose=1]
  ignore line: [/opt/miniconda3/envs/ROS/bin/arm64-apple-darwin20.0.0-clang -ftree-vectorize -fPIC -fPIE -fstack-protector-strong -O2 -pipe -isystem /opt/miniconda3/envs/ROS/include  -arch arm64 -isysroot /Library/Developer/CommandLineTools/SDKs/MacOSX.sdk -Wl -search_paths_first -Wl -headerpad_max_install_names -Wl -pie -Wl -headerpad_max_install_names -Wl -dead_strip_dylibs -Wl -rpath /opt/miniconda3/envs/ROS/lib -L/opt/miniconda3/envs/ROS/lib -v -Wl -v CMakeFiles/cmTC_db8d6.dir/CMakeCCompilerABI.c.o -o cmTC_db8d6 ]
  ignore line: [clang version 14.0.6]
  ignore line: [Target: arm64-apple-darwin20.0.0]
  ignore line: [Thread model: posix]
  ignore line: [InstalledDir: /opt/miniconda3/envs/ROS/bin]
  link line: [ "/opt/miniconda3/envs/ROS/bin/arm64-apple-darwin20.0.0-ld" -demangle -lto_library /opt/miniconda3/envs/ROS/lib/libLTO.14.dylib -dynamic -arch arm64 -platform_version macos 14.0.0 14.4 -pie -syslibroot /Library/Developer/CommandLineTools/SDKs/MacOSX.sdk -o cmTC_db8d6 -L/opt/miniconda3/envs/ROS/lib -search_paths_first -headerpad_max_install_names -pie -headerpad_max_install_names -dead_strip_dylibs -rpath /opt/miniconda3/envs/ROS/lib -v CMakeFiles/cmTC_db8d6.dir/CMakeCCompilerABI.c.o -lSystem /opt/miniconda3/envs/ROS/lib/clang/14.0.6/lib/darwin/libclang_rt.osx.a]
    arg [/opt/miniconda3/envs/ROS/bin/arm64-apple-darwin20.0.0-ld] ==> ignore
    arg [-demangle] ==> ignore
    arg [-lto_library] ==> ignore, skip following value
    arg [/opt/miniconda3/envs/ROS/lib/libLTO.14.dylib] ==> skip value of -lto_library
    arg [-dynamic] ==> ignore
    arg [-arch] ==> ignore
    arg [arm64] ==> ignore
    arg [-platform_version] ==> ignore
    arg [macos] ==> ignore
    arg [14.0.0] ==> ignore
    arg [14.4] ==> ignore
    arg [-pie] ==> ignore
    arg [-syslibroot] ==> ignore
    arg [/Library/Developer/CommandLineTools/SDKs/MacOSX.sdk] ==> ignore
    arg [-o] ==> ignore
    arg [cmTC_db8d6] ==> ignore
    arg [-L/opt/miniconda3/envs/ROS/lib] ==> dir [/opt/miniconda3/envs/ROS/lib]
    arg [-search_paths_first] ==> ignore
    arg [-headerpad_max_install_names] ==> ignore
    arg [-pie] ==> ignore
    arg [-headerpad_max_install_names] ==> ignore
    arg [-dead_strip_dylibs] ==> ignore
    arg [-rpath] ==> ignore
    arg [/opt/miniconda3/envs/ROS/lib] ==> ignore
    arg [-v] ==> ignore
    arg [CMakeFiles/cmTC_db8d6.dir/CMakeCCompilerABI.c.o] ==> ignore
    arg [-lSystem] ==> lib [System]
    arg [/opt/miniconda3/envs/ROS/lib/clang/14.0.6/lib/darwin/libclang_rt.osx.a] ==> lib [/opt/miniconda3/envs/ROS/lib/clang/14.0.6/lib/darwin/libclang_rt.osx.a]
  Library search paths: [;/opt/miniconda3/envs/ROS/lib;/Library/Developer/CommandLineTools/SDKs/MacOSX.sdk/usr/lib]
  Framework search paths: [;/Library/Developer/CommandLineTools/SDKs/MacOSX.sdk/System/Library/Frameworks/]
  remove lib [System]
  remove lib [/opt/miniconda3/envs/ROS/lib/clang/14.0.6/lib/darwin/libclang_rt.osx.a]
  collapse library dir [/opt/miniconda3/envs/ROS/lib] ==> [/opt/miniconda3/envs/ROS/lib]
  collapse library dir [/opt/miniconda3/envs/ROS/lib] ==> [/opt/miniconda3/envs/ROS/lib]
  collapse library dir [/Library/Developer/CommandLineTools/SDKs/MacOSX.sdk/usr/lib] ==> [/Library/Developer/CommandLineTools/SDKs/MacOSX.sdk/usr/lib]
  collapse framework dir [/Library/Developer/CommandLineTools/SDKs/MacOSX.sdk/System/Library/Frameworks/] ==> [/Library/Developer/CommandLineTools/SDKs/MacOSX.sdk/System/Library/Frameworks]
  implicit libs: []
  implicit objs: []
  implicit dirs: [/opt/miniconda3/envs/ROS/lib;/Library/Developer/CommandLineTools/SDKs/MacOSX.sdk/usr/lib]
  implicit fwks: [/Library/Developer/CommandLineTools/SDKs/MacOSX.sdk/System/Library/Frameworks]


Detecting CXX compiler ABI info compiled with the following output:
Change Dir: /Users/zu/catkin_ws/build/CMakeFiles/CMakeScratch/TryCompile-Qdjc2y

Run Build Command(s):/opt/miniconda3/envs/ROS/bin/make -f Makefile cmTC_a2bc2/fast && /opt/miniconda3/envs/ROS/bin/make  -f CMakeFiles/cmTC_a2bc2.dir/build.make CMakeFiles/cmTC_a2bc2.dir/build
make[1]: Entering directory '/Users/zu/catkin_ws/build/CMakeFiles/CMakeScratch/TryCompile-Qdjc2y'
Building CXX object CMakeFiles/cmTC_a2bc2.dir/CMakeCXXCompilerABI.cpp.o
/opt/miniconda3/envs/ROS/bin/arm64-apple-darwin20.0.0-clang++   -ftree-vectorize -fPIC -fPIE -fstack-protector-strong -O2 -pipe -stdlib=libc++ -fvisibility-inlines-hidden -fmessage-length=0 -isystem /opt/miniconda3/envs/ROS/include  -arch arm64 -isysroot /Library/Developer/CommandLineTools/SDKs/MacOSX.sdk   -v -Wl,-v -MD -MT CMakeFiles/cmTC_a2bc2.dir/CMakeCXXCompilerABI.cpp.o -MF CMakeFiles/cmTC_a2bc2.dir/CMakeCXXCompilerABI.cpp.o.d -o CMakeFiles/cmTC_a2bc2.dir/CMakeCXXCompilerABI.cpp.o -c /opt/miniconda3/envs/ROS/share/cmake-3.25/Modules/CMakeCXXCompilerABI.cpp
clang version 14.0.6
Target: arm64-apple-darwin20.0.0
Thread model: posix
InstalledDir: /opt/miniconda3/envs/ROS/bin
clang-14: warning: -Wl,-v: 'linker' input unused [-Wunused-command-line-argument]
 (in-process)
 "/opt/miniconda3/envs/ROS/bin/clang-14" -cc1 -triple arm64-apple-macosx14.0.0 -Wundef-prefix=TARGET_OS_ -Werror=undef-prefix -Wdeprecated-objc-isa-usage -Werror=deprecated-objc-isa-usage -emit-obj --mrelax-relocations -disable-free -clear-ast-before-backend -disable-llvm-verifier -discard-value-names -main-file-name CMakeCXXCompilerABI.cpp -mrelocation-model pic -pic-level 2 -mframe-pointer=non-leaf -ffp-contract=on -fno-rounding-math -funwind-tables=2 -target-sdk-version=14.4 -fcompatibility-qualified-id-block-type-checking -fvisibility-inlines-hidden-static-local-var -target-cpu apple-m1 -target-feature +v8.5a -target-feature +fp-armv8 -target-feature +neon -target-feature +crc -target-feature +crypto -target-feature +dotprod -target-feature +fp16fml -target-feature +ras -target-feature +lse -target-feature +rdm -target-feature +rcpc -target-feature +zcm -target-feature +zcz -target-feature +fullfp16 -target-feature +sha2 -target-feature +aes -target-abi darwinpcs -fallow-half-arguments-and-returns -mllvm -treat-scalable-fixed-error-as-warning -debugger-tuning=lldb -target-linker-version 609 -v -fcoverage-compilation-dir=/Users/zu/catkin_ws/build/CMakeFiles/CMakeScratch/TryCompile-Qdjc2y -resource-dir /opt/miniconda3/envs/ROS/lib/clang/14.0.6 -dependency-file CMakeFiles/cmTC_a2bc2.dir/CMakeCXXCompilerABI.cpp.o.d -MT CMakeFiles/cmTC_a2bc2.dir/CMakeCXXCompilerABI.cpp.o -sys-header-deps -isystem /opt/miniconda3/envs/ROS/include -isysroot /Library/Developer/CommandLineTools/SDKs/MacOSX.sdk -stdlib=libc++ -internal-isystem /opt/miniconda3/envs/ROS/bin/../include/c++/v1 -internal-isystem /Library/Developer/CommandLineTools/SDKs/MacOSX.sdk/usr/local/include -internal-isystem /opt/miniconda3/envs/ROS/lib/clang/14.0.6/include -internal-externc-isystem /Library/Developer/CommandLineTools/SDKs/MacOSX.sdk/usr/include -O2 -fdeprecated-macro -fdebug-compilation-dir=/Users/zu/catkin_ws/build/CMakeFiles/CMakeScratch/TryCompile-Qdjc2y -ferror-limit 19 -fvisibility-inlines-hidden -stack-protector 2 -fblocks -fencode-extended-block-signature -fregister-global-dtors-with-atexit -fgnuc-version=4.2.1 -fcxx-exceptions -fexceptions -fmax-type-align=16 -vectorize-loops -vectorize-slp -D__GCC_HAVE_DWARF2_CFI_ASM=1 -o CMakeFiles/cmTC_a2bc2.dir/CMakeCXXCompilerABI.cpp.o -x c++ /opt/miniconda3/envs/ROS/share/cmake-3.25/Modules/CMakeCXXCompilerABI.cpp
clang -cc1 version 14.0.6 based upon LLVM 14.0.6 default target arm64-apple-darwin23.4.0
ignoring nonexistent directory "/Library/Developer/CommandLineTools/SDKs/MacOSX.sdk/usr/local/include"
ignoring nonexistent directory "/Library/Developer/CommandLineTools/SDKs/MacOSX.sdk/Library/Frameworks"
#include "..." search starts here:
#include <...> search starts here:
 /opt/miniconda3/envs/ROS/include
 /opt/miniconda3/envs/ROS/bin/../include/c++/v1
 /opt/miniconda3/envs/ROS/lib/clang/14.0.6/include
 /Library/Developer/CommandLineTools/SDKs/MacOSX.sdk/usr/include
 /Library/Developer/CommandLineTools/SDKs/MacOSX.sdk/System/Library/Frameworks (framework directory)
End of search list.
Linking CXX executable cmTC_a2bc2
/opt/miniconda3/envs/ROS/bin/cmake -E cmake_link_script CMakeFiles/cmTC_a2bc2.dir/link.txt --verbose=1
/opt/miniconda3/envs/ROS/bin/arm64-apple-darwin20.0.0-clang++ -ftree-vectorize -fPIC -fPIE -fstack-protector-strong -O2 -pipe -stdlib=libc++ -fvisibility-inlines-hidden -fmessage-length=0 -isystem /opt/miniconda3/envs/ROS/include  -arch arm64 -isysroot /Library/Developer/CommandLineTools/SDKs/MacOSX.sdk -Wl,-search_paths_first -Wl,-headerpad_max_install_names -Wl,-pie -Wl,-headerpad_max_install_names -Wl,-dead_strip_dylibs -Wl,-rpath,/opt/miniconda3/envs/ROS/lib -L/opt/miniconda3/envs/ROS/lib -v -Wl,-v CMakeFiles/cmTC_a2bc2.dir/CMakeCXXCompilerABI.cpp.o -o cmTC_a2bc2 
clang version 14.0.6
Target: arm64-apple-darwin20.0.0
Thread model: posix
InstalledDir: /opt/miniconda3/envs/ROS/bin
 "/opt/miniconda3/envs/ROS/bin/arm64-apple-darwin20.0.0-ld" -demangle -lto_library /opt/miniconda3/envs/ROS/lib/libLTO.14.dylib -dynamic -arch arm64 -platform_version macos 14.0.0 14.4 -pie -syslibroot /Library/Developer/CommandLineTools/SDKs/MacOSX.sdk -o cmTC_a2bc2 -L/opt/miniconda3/envs/ROS/lib -search_paths_first -headerpad_max_install_names -pie -headerpad_max_install_names -dead_strip_dylibs -rpath /opt/miniconda3/envs/ROS/lib -v CMakeFiles/cmTC_a2bc2.dir/CMakeCXXCompilerABI.cpp.o -lc++ -lSystem /opt/miniconda3/envs/ROS/lib/clang/14.0.6/lib/darwin/libclang_rt.osx.a
@(#)PROGRAM:ld  PROJECT:ld64-609
BUILD 17:39:38 Mar 22 2023
configured to support archs: armv6 armv7 armv7s arm64 arm64e arm64_32 i386 x86_64 x86_64h armv6m armv7k armv7m armv7em (tvOS)
Library search paths:
	/opt/miniconda3/envs/ROS/lib
	/Library/Developer/CommandLineTools/SDKs/MacOSX.sdk/usr/lib
Framework search paths:
	/Library/Developer/CommandLineTools/SDKs/MacOSX.sdk/System/Library/Frameworks/
make[1]: Leaving directory '/Users/zu/catkin_ws/build/CMakeFiles/CMakeScratch/TryCompile-Qdjc2y'



Parsed CXX implicit include dir info from above output: rv=done
  found start of include info
  found start of implicit include info
    add: [/opt/miniconda3/envs/ROS/include]
    add: [/opt/miniconda3/envs/ROS/bin/../include/c++/v1]
    add: [/opt/miniconda3/envs/ROS/lib/clang/14.0.6/include]
    add: [/Library/Developer/CommandLineTools/SDKs/MacOSX.sdk/usr/include]
  end of search list found
  collapse include dir [/opt/miniconda3/envs/ROS/include] ==> [/opt/miniconda3/envs/ROS/include]
  collapse include dir [/opt/miniconda3/envs/ROS/bin/../include/c++/v1] ==> [/opt/miniconda3/envs/ROS/include/c++/v1]
  collapse include dir [/opt/miniconda3/envs/ROS/lib/clang/14.0.6/include] ==> [/opt/miniconda3/envs/ROS/lib/clang/14.0.6/include]
  collapse include dir [/Library/Developer/CommandLineTools/SDKs/MacOSX.sdk/usr/include] ==> [/Library/Developer/CommandLineTools/SDKs/MacOSX.sdk/usr/include]
  implicit include dirs: [/opt/miniconda3/envs/ROS/include;/opt/miniconda3/envs/ROS/include/c++/v1;/opt/miniconda3/envs/ROS/lib/clang/14.0.6/include;/Library/Developer/CommandLineTools/SDKs/MacOSX.sdk/usr/include]


Parsed CXX implicit link information from above output:
  link line regex: [^( *|.*[/\])(arm64-apple-darwin20\.0\.0-ld|CMAKE_LINK_STARTFILE-NOTFOUND|([^/\]+-)?ld|collect2)[^/\]*( |$)]
  ignore line: [Change Dir: /Users/zu/catkin_ws/build/CMakeFiles/CMakeScratch/TryCompile-Qdjc2y]
  ignore line: []
  ignore line: [Run Build Command(s):/opt/miniconda3/envs/ROS/bin/make -f Makefile cmTC_a2bc2/fast && /opt/miniconda3/envs/ROS/bin/make  -f CMakeFiles/cmTC_a2bc2.dir/build.make CMakeFiles/cmTC_a2bc2.dir/build]
  ignore line: [make[1]: Entering directory '/Users/zu/catkin_ws/build/CMakeFiles/CMakeScratch/TryCompile-Qdjc2y']
  ignore line: [Building CXX object CMakeFiles/cmTC_a2bc2.dir/CMakeCXXCompilerABI.cpp.o]
  ignore line: [/opt/miniconda3/envs/ROS/bin/arm64-apple-darwin20.0.0-clang++   -ftree-vectorize -fPIC -fPIE -fstack-protector-strong -O2 -pipe -stdlib=libc++ -fvisibility-inlines-hidden -fmessage-length=0 -isystem /opt/miniconda3/envs/ROS/include  -arch arm64 -isysroot /Library/Developer/CommandLineTools/SDKs/MacOSX.sdk   -v -Wl -v -MD -MT CMakeFiles/cmTC_a2bc2.dir/CMakeCXXCompilerABI.cpp.o -MF CMakeFiles/cmTC_a2bc2.dir/CMakeCXXCompilerABI.cpp.o.d -o CMakeFiles/cmTC_a2bc2.dir/CMakeCXXCompilerABI.cpp.o -c /opt/miniconda3/envs/ROS/share/cmake-3.25/Modules/CMakeCXXCompilerABI.cpp]
  ignore line: [clang version 14.0.6]
  ignore line: [Target: arm64-apple-darwin20.0.0]
  ignore line: [Thread model: posix]
  ignore line: [InstalledDir: /opt/miniconda3/envs/ROS/bin]
  ignore line: [clang-14: warning: -Wl -v: 'linker' input unused [-Wunused-command-line-argument]]
  ignore line: [ (in-process)]
  ignore line: [ "/opt/miniconda3/envs/ROS/bin/clang-14" -cc1 -triple arm64-apple-macosx14.0.0 -Wundef-prefix=TARGET_OS_ -Werror=undef-prefix -Wdeprecated-objc-isa-usage -Werror=deprecated-objc-isa-usage -emit-obj --mrelax-relocations -disable-free -clear-ast-before-backend -disable-llvm-verifier -discard-value-names -main-file-name CMakeCXXCompilerABI.cpp -mrelocation-model pic -pic-level 2 -mframe-pointer=non-leaf -ffp-contract=on -fno-rounding-math -funwind-tables=2 -target-sdk-version=14.4 -fcompatibility-qualified-id-block-type-checking -fvisibility-inlines-hidden-static-local-var -target-cpu apple-m1 -target-feature +v8.5a -target-feature +fp-armv8 -target-feature +neon -target-feature +crc -target-feature +crypto -target-feature +dotprod -target-feature +fp16fml -target-feature +ras -target-feature +lse -target-feature +rdm -target-feature +rcpc -target-feature +zcm -target-feature +zcz -target-feature +fullfp16 -target-feature +sha2 -target-feature +aes -target-abi darwinpcs -fallow-half-arguments-and-returns -mllvm -treat-scalable-fixed-error-as-warning -debugger-tuning=lldb -target-linker-version 609 -v -fcoverage-compilation-dir=/Users/zu/catkin_ws/build/CMakeFiles/CMakeScratch/TryCompile-Qdjc2y -resource-dir /opt/miniconda3/envs/ROS/lib/clang/14.0.6 -dependency-file CMakeFiles/cmTC_a2bc2.dir/CMakeCXXCompilerABI.cpp.o.d -MT CMakeFiles/cmTC_a2bc2.dir/CMakeCXXCompilerABI.cpp.o -sys-header-deps -isystem /opt/miniconda3/envs/ROS/include -isysroot /Library/Developer/CommandLineTools/SDKs/MacOSX.sdk -stdlib=libc++ -internal-isystem /opt/miniconda3/envs/ROS/bin/../include/c++/v1 -internal-isystem /Library/Developer/CommandLineTools/SDKs/MacOSX.sdk/usr/local/include -internal-isystem /opt/miniconda3/envs/ROS/lib/clang/14.0.6/include -internal-externc-isystem /Library/Developer/CommandLineTools/SDKs/MacOSX.sdk/usr/include -O2 -fdeprecated-macro -fdebug-compilation-dir=/Users/zu/catkin_ws/build/CMakeFiles/CMakeScratch/TryCompile-Qdjc2y -ferror-limit 19 -fvisibility-inlines-hidden -stack-protector 2 -fblocks -fencode-extended-block-signature -fregister-global-dtors-with-atexit -fgnuc-version=4.2.1 -fcxx-exceptions -fexceptions -fmax-type-align=16 -vectorize-loops -vectorize-slp -D__GCC_HAVE_DWARF2_CFI_ASM=1 -o CMakeFiles/cmTC_a2bc2.dir/CMakeCXXCompilerABI.cpp.o -x c++ /opt/miniconda3/envs/ROS/share/cmake-3.25/Modules/CMakeCXXCompilerABI.cpp]
  ignore line: [clang -cc1 version 14.0.6 based upon LLVM 14.0.6 default target arm64-apple-darwin23.4.0]
  ignore line: [ignoring nonexistent directory "/Library/Developer/CommandLineTools/SDKs/MacOSX.sdk/usr/local/include"]
  ignore line: [ignoring nonexistent directory "/Library/Developer/CommandLineTools/SDKs/MacOSX.sdk/Library/Frameworks"]
  ignore line: [#include "..." search starts here:]
  ignore line: [#include <...> search starts here:]
  ignore line: [ /opt/miniconda3/envs/ROS/include]
  ignore line: [ /opt/miniconda3/envs/ROS/bin/../include/c++/v1]
  ignore line: [ /opt/miniconda3/envs/ROS/lib/clang/14.0.6/include]
  ignore line: [ /Library/Developer/CommandLineTools/SDKs/MacOSX.sdk/usr/include]
  ignore line: [ /Library/Developer/CommandLineTools/SDKs/MacOSX.sdk/System/Library/Frameworks (framework directory)]
  ignore line: [End of search list.]
  ignore line: [Linking CXX executable cmTC_a2bc2]
  ignore line: [/opt/miniconda3/envs/ROS/bin/cmake -E cmake_link_script CMakeFiles/cmTC_a2bc2.dir/link.txt --verbose=1]
  ignore line: [/opt/miniconda3/envs/ROS/bin/arm64-apple-darwin20.0.0-clang++ -ftree-vectorize -fPIC -fPIE -fstack-protector-strong -O2 -pipe -stdlib=libc++ -fvisibility-inlines-hidden -fmessage-length=0 -isystem /opt/miniconda3/envs/ROS/include  -arch arm64 -isysroot /Library/Developer/CommandLineTools/SDKs/MacOSX.sdk -Wl -search_paths_first -Wl -headerpad_max_install_names -Wl -pie -Wl -headerpad_max_install_names -Wl -dead_strip_dylibs -Wl -rpath /opt/miniconda3/envs/ROS/lib -L/opt/miniconda3/envs/ROS/lib -v -Wl -v CMakeFiles/cmTC_a2bc2.dir/CMakeCXXCompilerABI.cpp.o -o cmTC_a2bc2 ]
  ignore line: [clang version 14.0.6]
  ignore line: [Target: arm64-apple-darwin20.0.0]
  ignore line: [Thread model: posix]
  ignore line: [InstalledDir: /opt/miniconda3/envs/ROS/bin]
  link line: [ "/opt/miniconda3/envs/ROS/bin/arm64-apple-darwin20.0.0-ld" -demangle -lto_library /opt/miniconda3/envs/ROS/lib/libLTO.14.dylib -dynamic -arch arm64 -platform_version macos 14.0.0 14.4 -pie -syslibroot /Library/Developer/CommandLineTools/SDKs/MacOSX.sdk -o cmTC_a2bc2 -L/opt/miniconda3/envs/ROS/lib -search_paths_first -headerpad_max_install_names -pie -headerpad_max_install_names -dead_strip_dylibs -rpath /opt/miniconda3/envs/ROS/lib -v CMakeFiles/cmTC_a2bc2.dir/CMakeCXXCompilerABI.cpp.o -lc++ -lSystem /opt/miniconda3/envs/ROS/lib/clang/14.0.6/lib/darwin/libclang_rt.osx.a]
    arg [/opt/miniconda3/envs/ROS/bin/arm64-apple-darwin20.0.0-ld] ==> ignore
    arg [-demangle] ==> ignore
    arg [-lto_library] ==> ignore, skip following value
    arg [/opt/miniconda3/envs/ROS/lib/libLTO.14.dylib] ==> skip value of -lto_library
    arg [-dynamic] ==> ignore
    arg [-arch] ==> ignore
    arg [arm64] ==> ignore
    arg [-platform_version] ==> ignore
    arg [macos] ==> ignore
    arg [14.0.0] ==> ignore
    arg [14.4] ==> ignore
    arg [-pie] ==> ignore
    arg [-syslibroot] ==> ignore
    arg [/Library/Developer/CommandLineTools/SDKs/MacOSX.sdk] ==> ignore
    arg [-o] ==> ignore
    arg [cmTC_a2bc2] ==> ignore
    arg [-L/opt/miniconda3/envs/ROS/lib] ==> dir [/opt/miniconda3/envs/ROS/lib]
    arg [-search_paths_first] ==> ignore
    arg [-headerpad_max_install_names] ==> ignore
    arg [-pie] ==> ignore
    arg [-headerpad_max_install_names] ==> ignore
    arg [-dead_strip_dylibs] ==> ignore
    arg [-rpath] ==> ignore
    arg [/opt/miniconda3/envs/ROS/lib] ==> ignore
    arg [-v] ==> ignore
    arg [CMakeFiles/cmTC_a2bc2.dir/CMakeCXXCompilerABI.cpp.o] ==> ignore
    arg [-lc++] ==> lib [c++]
    arg [-lSystem] ==> lib [System]
    arg [/opt/miniconda3/envs/ROS/lib/clang/14.0.6/lib/darwin/libclang_rt.osx.a] ==> lib [/opt/miniconda3/envs/ROS/lib/clang/14.0.6/lib/darwin/libclang_rt.osx.a]
  Library search paths: [;/opt/miniconda3/envs/ROS/lib;/Library/Developer/CommandLineTools/SDKs/MacOSX.sdk/usr/lib]
  Framework search paths: [;/Library/Developer/CommandLineTools/SDKs/MacOSX.sdk/System/Library/Frameworks/]
  remove lib [System]
  remove lib [/opt/miniconda3/envs/ROS/lib/clang/14.0.6/lib/darwin/libclang_rt.osx.a]
  collapse library dir [/opt/miniconda3/envs/ROS/lib] ==> [/opt/miniconda3/envs/ROS/lib]
  collapse library dir [/opt/miniconda3/envs/ROS/lib] ==> [/opt/miniconda3/envs/ROS/lib]
  collapse library dir [/Library/Developer/CommandLineTools/SDKs/MacOSX.sdk/usr/lib] ==> [/Library/Developer/CommandLineTools/SDKs/MacOSX.sdk/usr/lib]
  collapse framework dir [/Library/Developer/CommandLineTools/SDKs/MacOSX.sdk/System/Library/Frameworks/] ==> [/Library/Developer/CommandLineTools/SDKs/MacOSX.sdk/System/Library/Frameworks]
  implicit libs: [c++]
  implicit objs: []
  implicit dirs: [/opt/miniconda3/envs/ROS/lib;/Library/Developer/CommandLineTools/SDKs/MacOSX.sdk/usr/lib]
  implicit fwks: [/Library/Developer/CommandLineTools/SDKs/MacOSX.sdk/System/Library/Frameworks]


Performing C SOURCE FILE Test CMAKE_HAVE_LIBC_PTHREAD succeeded with the following output:
Change Dir: /Users/zu/catkin_ws/build/CMakeFiles/CMakeScratch/TryCompile-4exzFp

Run Build Command(s):/opt/miniconda3/envs/ROS/bin/make -f Makefile cmTC_2f515/fast && /opt/miniconda3/envs/ROS/bin/make  -f CMakeFiles/cmTC_2f515.dir/build.make CMakeFiles/cmTC_2f515.dir/build
make[1]: Entering directory '/Users/zu/catkin_ws/build/CMakeFiles/CMakeScratch/TryCompile-4exzFp'
Building C object CMakeFiles/cmTC_2f515.dir/src.c.o
/opt/miniconda3/envs/ROS/bin/arm64-apple-darwin20.0.0-clang -DCMAKE_HAVE_LIBC_PTHREAD  -ftree-vectorize -fPIC -fPIE -fstack-protector-strong -O2 -pipe -isystem /opt/miniconda3/envs/ROS/include  -arch arm64 -isysroot /Library/Developer/CommandLineTools/SDKs/MacOSX.sdk -MD -MT CMakeFiles/cmTC_2f515.dir/src.c.o -MF CMakeFiles/cmTC_2f515.dir/src.c.o.d -o CMakeFiles/cmTC_2f515.dir/src.c.o -c /Users/zu/catkin_ws/build/CMakeFiles/CMakeScratch/TryCompile-4exzFp/src.c
Linking C executable cmTC_2f515
/opt/miniconda3/envs/ROS/bin/cmake -E cmake_link_script CMakeFiles/cmTC_2f515.dir/link.txt --verbose=1
/opt/miniconda3/envs/ROS/bin/arm64-apple-darwin20.0.0-clang -ftree-vectorize -fPIC -fPIE -fstack-protector-strong -O2 -pipe -isystem /opt/miniconda3/envs/ROS/include  -arch arm64 -isysroot /Library/Developer/CommandLineTools/SDKs/MacOSX.sdk -Wl,-search_paths_first -Wl,-headerpad_max_install_names -Wl,-pie -Wl,-headerpad_max_install_names -Wl,-dead_strip_dylibs -Wl,-rpath,/opt/miniconda3/envs/ROS/lib -L/opt/miniconda3/envs/ROS/lib  CMakeFiles/cmTC_2f515.dir/src.c.o -o cmTC_2f515 
make[1]: Leaving directory '/Users/zu/catkin_ws/build/CMakeFiles/CMakeScratch/TryCompile-4exzFp'


Source file was:
#include <pthread.h>

static void* test_func(void* data)
{
  return data;
}

int main(void)
{
  pthread_t thread;
  pthread_create(&thread, NULL, test_func, NULL);
  pthread_detach(thread);
  pthread_cancel(thread);
  pthread_join(thread, NULL);
  pthread_atfork(NULL, NULL, NULL);
  pthread_exit(NULL);

  return 0;
}


